c:\users\arrin\desktop\month of code\projects\basicrpg\basicrpg\debug\vc142.pdb
c:\users\arrin\desktop\month of code\projects\basicrpg\basicrpg\debug\vc142.idb
c:\users\arrin\desktop\month of code\projects\basicrpg\basicrpg\debug\queue.obj
c:\users\arrin\desktop\month of code\projects\basicrpg\basicrpg\debug\basicrpg.obj
c:\users\arrin\desktop\month of code\projects\basicrpg\basicrpg\debug\entity.obj
c:\users\arrin\desktop\month of code\projects\basicrpg\basicrpg\debug\action.obj
c:\users\arrin\desktop\month of code\projects\basicrpg\basicrpg\debug\basicrpg_prototype1.obj
c:\users\arrin\desktop\month of code\projects\basicrpg\basicrpg\debug\basicrpg.ilk
c:\users\arrin\desktop\month of code\projects\basicrpg\basicrpg\debug\basicrpg.exe
c:\users\arrin\desktop\month of code\projects\basicrpg\basicrpg\debug\basicrpg.pdb
c:\users\arrin\desktop\month of code\projects\basicrpg\basicrpg\debug\basicrpg.res
c:\users\arrin\desktop\month of code\projects\basicrpg\basicrpg\debug\basicrpg.tlog\cl.command.1.tlog
c:\users\arrin\desktop\month of code\projects\basicrpg\basicrpg\debug\basicrpg.tlog\cl.read.1.tlog
c:\users\arrin\desktop\month of code\projects\basicrpg\basicrpg\debug\basicrpg.tlog\cl.write.1.tlog
c:\users\arrin\desktop\month of code\projects\basicrpg\basicrpg\debug\basicrpg.tlog\link.command.1.tlog
c:\users\arrin\desktop\month of code\projects\basicrpg\basicrpg\debug\basicrpg.tlog\link.read.1.tlog
c:\users\arrin\desktop\month of code\projects\basicrpg\basicrpg\debug\basicrpg.tlog\link.write.1.tlog
c:\users\arrin\desktop\month of code\projects\basicrpg\basicrpg\debug\basicrpg.tlog\rc.command.1.tlog
c:\users\arrin\desktop\month of code\projects\basicrpg\basicrpg\debug\basicrpg.tlog\rc.read.1.tlog
c:\users\arrin\desktop\month of code\projects\basicrpg\basicrpg\debug\basicrpg.tlog\rc.write.1.tlog
