c:\users\arrin\desktop\month of code\sdl\lazyfoo tutorials\lazyfoo_tutorialset1\lazyfoo_tutorialset1\x64\debug\vc142.pdb
c:\users\arrin\desktop\month of code\sdl\lazyfoo tutorials\lazyfoo_tutorialset1\lazyfoo_tutorialset1\x64\debug\vc142.idb
c:\users\arrin\desktop\month of code\sdl\lazyfoo tutorials\lazyfoo_tutorialset1\lazyfoo_tutorialset1\x64\debug\source.obj
c:\users\arrin\desktop\month of code\sdl\lazyfoo tutorials\lazyfoo_tutorialset1\lazyfoo_tutorialset1\x64\debug\other.obj
c:\users\arrin\desktop\month of code\sdl\lazyfoo tutorials\lazyfoo_tutorialset1\x64\debug\lazyfoo_tutorialset1.pdb
c:\users\arrin\desktop\month of code\sdl\lazyfoo tutorials\lazyfoo_tutorialset1\lazyfoo_tutorialset1\x64\debug\lazyfoo_.f4ade119.tlog\cl.command.1.tlog
c:\users\arrin\desktop\month of code\sdl\lazyfoo tutorials\lazyfoo_tutorialset1\lazyfoo_tutorialset1\x64\debug\lazyfoo_.f4ade119.tlog\cl.read.1.tlog
c:\users\arrin\desktop\month of code\sdl\lazyfoo tutorials\lazyfoo_tutorialset1\lazyfoo_tutorialset1\x64\debug\lazyfoo_.f4ade119.tlog\cl.write.1.tlog
c:\users\arrin\desktop\month of code\sdl\lazyfoo tutorials\lazyfoo_tutorialset1\lazyfoo_tutorialset1\x64\debug\lazyfoo_.f4ade119.tlog\link-cvtres.read.1.tlog
c:\users\arrin\desktop\month of code\sdl\lazyfoo tutorials\lazyfoo_tutorialset1\lazyfoo_tutorialset1\x64\debug\lazyfoo_.f4ade119.tlog\link-cvtres.write.1.tlog
c:\users\arrin\desktop\month of code\sdl\lazyfoo tutorials\lazyfoo_tutorialset1\lazyfoo_tutorialset1\x64\debug\lazyfoo_.f4ade119.tlog\link-rc.read.1.tlog
c:\users\arrin\desktop\month of code\sdl\lazyfoo tutorials\lazyfoo_tutorialset1\lazyfoo_tutorialset1\x64\debug\lazyfoo_.f4ade119.tlog\link-rc.write.1.tlog
c:\users\arrin\desktop\month of code\sdl\lazyfoo tutorials\lazyfoo_tutorialset1\lazyfoo_tutorialset1\x64\debug\lazyfoo_.f4ade119.tlog\link.16660-cvtres.read.1.tlog
c:\users\arrin\desktop\month of code\sdl\lazyfoo tutorials\lazyfoo_tutorialset1\lazyfoo_tutorialset1\x64\debug\lazyfoo_.f4ade119.tlog\link.16660-cvtres.write.1.tlog
c:\users\arrin\desktop\month of code\sdl\lazyfoo tutorials\lazyfoo_tutorialset1\lazyfoo_tutorialset1\x64\debug\lazyfoo_.f4ade119.tlog\link.16660-rc.read.1.tlog
c:\users\arrin\desktop\month of code\sdl\lazyfoo tutorials\lazyfoo_tutorialset1\lazyfoo_tutorialset1\x64\debug\lazyfoo_.f4ade119.tlog\link.16660-rc.write.1.tlog
c:\users\arrin\desktop\month of code\sdl\lazyfoo tutorials\lazyfoo_tutorialset1\lazyfoo_tutorialset1\x64\debug\lazyfoo_.f4ade119.tlog\link.16660.read.1.tlog
c:\users\arrin\desktop\month of code\sdl\lazyfoo tutorials\lazyfoo_tutorialset1\lazyfoo_tutorialset1\x64\debug\lazyfoo_.f4ade119.tlog\link.16660.write.1.tlog
c:\users\arrin\desktop\month of code\sdl\lazyfoo tutorials\lazyfoo_tutorialset1\lazyfoo_tutorialset1\x64\debug\lazyfoo_.f4ade119.tlog\link.command.1.tlog
c:\users\arrin\desktop\month of code\sdl\lazyfoo tutorials\lazyfoo_tutorialset1\lazyfoo_tutorialset1\x64\debug\lazyfoo_.f4ade119.tlog\link.read.1.tlog
c:\users\arrin\desktop\month of code\sdl\lazyfoo tutorials\lazyfoo_tutorialset1\lazyfoo_tutorialset1\x64\debug\lazyfoo_.f4ade119.tlog\link.write.1.tlog
